2023-05-18 22:26:23 - C:\wamp64\www\nadine\core\fonctions.php
Nadine ouvre le fichier de fonction.php

2023-05-18 22:26:23 - C:\wamp64\www\nadine\core\fonctions.php
Nadine préremplie la modale Ajouter un contact

2023-05-18 22:26:23 - C:\wamp64\www\nadine\core\fonctions.php
Nadine vide la modale

2023-05-18 22:26:23 - C:\wamp64\www\nadine\core\fonctions.php
Nadine lance la fonction the_contact_id()

2023-05-18 22:26:23 - C:\wamp64\www\nadine\core\fonctions.php
Nadine lance la fonction the_contact_prenom()

2023-05-18 22:26:23 - C:\wamp64\www\nadine\core\fonctions.php
Nadine a trouvé le prénom d'un contact : 

2023-05-18 22:26:23 - C:\wamp64\www\nadine\core\fonctions.php
Nadine lance la fonction the_contact_societe()

2023-05-18 22:26:54 - C:\wamp64\www\nadine\core\fonctions.php
Nadine ouvre le fichier de fonction.php

2023-05-18 22:26:54 - C:\wamp64\www\nadine\core\fonctions.php
Nadine préremplie la modale Ajouter un contact

2023-05-18 22:26:54 - C:\wamp64\www\nadine\core\fonctions.php
Nadine vide la modale

2023-05-18 22:26:54 - C:\wamp64\www\nadine\core\fonctions.php
Nadine lance la fonction the_contact_id()

2023-05-18 22:26:54 - C:\wamp64\www\nadine\core\fonctions.php
Nadine lance la fonction the_contact_prenom()

2023-05-18 22:26:54 - C:\wamp64\www\nadine\core\fonctions.php
Nadine a trouvé le prénom d'un contact : 

2023-05-18 22:26:54 - C:\wamp64\www\nadine\core\fonctions.php
Nadine lance la fonction the_contact_societe()

