2023-05-12 13:41:32 - C:\wamp64\www\nadine\core\fonctions.php
Nadine vérifie la version de la base de données

2023-05-12 13:41:32 - C:\wamp64\www\nadine\core\fonctions.php
Nadine a réussi à se connecter à la db

2023-05-12 13:41:32 - C:\wamp64\www\nadine\core\fonctions.php
Nadine pense que nadine__version existe

2023-05-12 13:41:32 - C:\wamp64\www\nadine\core\fonctions.php
Nadine a pense que le numéro de version est 0.1.086

2023-05-12 13:41:32 - C:\wamp64\www\nadine\core\fonctions.php
Nadine a trouvé dans la db le numéro de version 

2023-05-12 13:41:46 - C:\wamp64\www\nadine\core\fonctions.php
Nadine vérifie la version de la base de données

2023-05-12 13:41:46 - C:\wamp64\www\nadine\core\fonctions.php
Nadine a réussi à se connecter à la db

2023-05-12 13:41:46 - C:\wamp64\www\nadine\core\fonctions.php
Nadine pense que nadine__version existe

2023-05-12 13:41:46 - C:\wamp64\www\nadine\core\fonctions.php
Nadine a pense que le numéro de version est 0.1.086

2023-05-12 13:41:46 - C:\wamp64\www\nadine\core\fonctions.php
Nadine a trouvé dans la db le numéro de version 0.1.086

2023-05-12 13:44:29 - C:\wamp64\www\nadine\core\fonctions.php
Nadine vérifie la version de la base de données

2023-05-12 13:44:29 - C:\wamp64\www\nadine\core\fonctions.php
Nadine a réussi à se connecter à la db

2023-05-12 13:44:29 - C:\wamp64\www\nadine\core\fonctions.php
Nadine pense que nadine__version existe

2023-05-12 13:44:29 - C:\wamp64\www\nadine\core\fonctions.php
Nadine a pense que le numéro de version est 0.1.086

2023-05-12 13:44:29 - C:\wamp64\www\nadine\core\fonctions.php
Nadine a trouvé dans la db le numéro de version 

2023-05-12 13:44:41 - C:\wamp64\www\nadine\core\fonctions.php
Nadine vérifie la version de la base de données

2023-05-12 13:44:41 - C:\wamp64\www\nadine\core\fonctions.php
Nadine a réussi à se connecter à la db

2023-05-12 13:44:41 - C:\wamp64\www\nadine\core\fonctions.php
Nadine pense que nadine__version existe

2023-05-12 13:44:41 - C:\wamp64\www\nadine\core\fonctions.php
Nadine a pense que le numéro de version est 0.1.086

2023-05-12 13:44:41 - C:\wamp64\www\nadine\core\fonctions.php
Nadine a trouvé dans la db le numéro de version 0.1.086

2023-05-12 13:44:50 - C:\wamp64\www\nadine\core\fonctions.php
Nadine vérifie la version de la base de données

2023-05-12 13:44:50 - C:\wamp64\www\nadine\core\fonctions.php
Nadine a réussi à se connecter à la db

2023-05-12 13:44:50 - C:\wamp64\www\nadine\core\fonctions.php
Nadine pense que nadine__version existe

2023-05-12 13:44:50 - C:\wamp64\www\nadine\core\fonctions.php
Nadine a pense que le numéro de version est 0.1.086

2023-05-12 13:44:50 - C:\wamp64\www\nadine\core\fonctions.php
Nadine a trouvé dans la db le numéro de version 0.1.086

2023-05-12 13:44:53 - C:\wamp64\www\nadine\core\fonctions.php
Nadine vérifie la version de la base de données

2023-05-12 13:44:53 - C:\wamp64\www\nadine\core\fonctions.php
Nadine a réussi à se connecter à la db

2023-05-12 13:44:53 - C:\wamp64\www\nadine\core\fonctions.php
Nadine pense que nadine__version existe

2023-05-12 13:44:53 - C:\wamp64\www\nadine\core\fonctions.php
Nadine a pense que le numéro de version est 0.1.086

2023-05-12 13:44:53 - C:\wamp64\www\nadine\core\fonctions.php
Nadine a trouvé dans la db le numéro de version 0.1.086

2023-05-12 13:44:58 - C:\wamp64\www\nadine\core\fonctions.php
Nadine vérifie la version de la base de données

2023-05-12 13:44:58 - C:\wamp64\www\nadine\core\fonctions.php
Nadine a réussi à se connecter à la db

2023-05-12 13:44:58 - C:\wamp64\www\nadine\core\fonctions.php
Nadine pense que nadine__version existe

2023-05-12 13:44:58 - C:\wamp64\www\nadine\core\fonctions.php
Nadine a pense que le numéro de version est 0.1.086

2023-05-12 13:44:58 - C:\wamp64\www\nadine\core\fonctions.php
Nadine a trouvé dans la db le numéro de version 0.1.086

2023-05-12 13:45:24 - C:\wamp64\www\nadine\core\fonctions.php
Nadine vérifie la version de la base de données

2023-05-12 13:45:24 - C:\wamp64\www\nadine\core\fonctions.php
Nadine a réussi à se connecter à la db

2023-05-12 13:45:24 - C:\wamp64\www\nadine\core\fonctions.php
Nadine pense que nadine__version existe

2023-05-12 13:45:24 - C:\wamp64\www\nadine\core\fonctions.php
Nadine a pense que le numéro de version est 0.1.086

2023-05-12 13:45:24 - C:\wamp64\www\nadine\core\fonctions.php
Nadine a trouvé dans la db le numéro de version 0.1.086

2023-05-12 13:45:38 - C:\wamp64\www\nadine\core\fonctions.php
Nadine vérifie la version de la base de données

2023-05-12 13:45:38 - C:\wamp64\www\nadine\core\fonctions.php
Nadine a réussi à se connecter à la db

2023-05-12 13:45:38 - C:\wamp64\www\nadine\core\fonctions.php
Nadine pense que nadine__version existe

2023-05-12 13:45:38 - C:\wamp64\www\nadine\core\fonctions.php
Nadine a pense que le numéro de version est 0.1.086

2023-05-12 13:45:38 - C:\wamp64\www\nadine\core\fonctions.php
Nadine a trouvé dans la db le numéro de version 0.1.086

2023-05-12 13:54:30 - C:\wamp64\www\nadine\core\fonctions.php
Nadine vérifie la version de la base de données

2023-05-12 13:54:30 - C:\wamp64\www\nadine\core\fonctions.php
Nadine a réussi à se connecter à la db

2023-05-12 13:54:30 - C:\wamp64\www\nadine\core\fonctions.php
Nadine pense que nadine__version existe

2023-05-12 13:54:30 - C:\wamp64\www\nadine\core\fonctions.php
Nadine a pense que le numéro de version est 0.1.086

2023-05-12 13:54:30 - C:\wamp64\www\nadine\core\fonctions.php
Nadine a trouvé dans la db le numéro de version 0.1.086

2023-05-12 13:55:34 - C:\wamp64\www\nadine\core\fonctions.php
Nadine vérifie la version de la base de données

2023-05-12 13:55:34 - C:\wamp64\www\nadine\core\fonctions.php
Nadine a réussi à se connecter à la db

2023-05-12 13:55:34 - C:\wamp64\www\nadine\core\fonctions.php
Nadine pense que nadine__version existe

2023-05-12 13:55:34 - C:\wamp64\www\nadine\core\fonctions.php
Nadine a pense que le numéro de version est 0.1.086

2023-05-12 13:55:34 - C:\wamp64\www\nadine\core\fonctions.php
Nadine a trouvé dans la db le numéro de version 0.1.086

2023-05-12 13:56:20 - C:\wamp64\www\nadine\core\fonctions.php
Nadine vérifie la version de la base de données

2023-05-12 13:56:20 - C:\wamp64\www\nadine\core\fonctions.php
Nadine a réussi à se connecter à la db

2023-05-12 13:56:20 - C:\wamp64\www\nadine\core\fonctions.php
Nadine pense que nadine__version existe

2023-05-12 13:56:20 - C:\wamp64\www\nadine\core\fonctions.php
Nadine a pense que le numéro de version est 0.1.086

2023-05-12 13:56:20 - C:\wamp64\www\nadine\core\fonctions.php
Nadine a trouvé dans la db le numéro de version 0.1.086

2023-05-12 13:57:39 - C:\wamp64\www\nadine\core\fonctions.php
Nadine vérifie la version de la base de données

2023-05-12 13:57:39 - C:\wamp64\www\nadine\core\fonctions.php
Nadine a réussi à se connecter à la db

2023-05-12 13:57:39 - C:\wamp64\www\nadine\core\fonctions.php
Nadine pense que nadine__version existe

2023-05-12 13:57:39 - C:\wamp64\www\nadine\core\fonctions.php
Nadine a pense que le numéro de version est 0.1.086

2023-05-12 13:57:39 - C:\wamp64\www\nadine\core\fonctions.php
Nadine a trouvé dans la db le numéro de version 0.1.086

2023-05-12 13:57:51 - C:\wamp64\www\nadine\core\fonctions.php
Nadine vérifie la version de la base de données

2023-05-12 13:57:51 - C:\wamp64\www\nadine\core\fonctions.php
Nadine a réussi à se connecter à la db

2023-05-12 13:57:51 - C:\wamp64\www\nadine\core\fonctions.php
Nadine pense que nadine__version existe

2023-05-12 13:57:51 - C:\wamp64\www\nadine\core\fonctions.php
Nadine a pense que le numéro de version est 0.1.086

2023-05-12 13:57:51 - C:\wamp64\www\nadine\core\fonctions.php
Nadine a trouvé dans la db le numéro de version 0.1.086

2023-05-12 13:57:57 - C:\wamp64\www\nadine\core\fonctions.php
Nadine vérifie la version de la base de données

2023-05-12 13:57:57 - C:\wamp64\www\nadine\core\fonctions.php
Nadine a réussi à se connecter à la db

2023-05-12 13:57:57 - C:\wamp64\www\nadine\core\fonctions.php
Nadine pense que nadine__version existe

2023-05-12 13:57:57 - C:\wamp64\www\nadine\core\fonctions.php
Nadine a pense que le numéro de version est 0.1.086

2023-05-12 13:57:57 - C:\wamp64\www\nadine\core\fonctions.php
Nadine a trouvé dans la db le numéro de version 0.1.086

2023-05-12 13:58:14 - C:\wamp64\www\nadine\core\fonctions.php
Nadine vérifie la version de la base de données

2023-05-12 13:58:14 - C:\wamp64\www\nadine\core\fonctions.php
Nadine a réussi à se connecter à la db

2023-05-12 13:58:14 - C:\wamp64\www\nadine\core\fonctions.php
Nadine pense que nadine__version existe

2023-05-12 13:58:14 - C:\wamp64\www\nadine\core\fonctions.php
Nadine a pense que le numéro de version est 0.1.086

2023-05-12 13:58:14 - C:\wamp64\www\nadine\core\fonctions.php
Nadine a trouvé dans la db le numéro de version 0.1.086

2023-05-12 13:59:02 - C:\wamp64\www\nadine\core\fonctions.php
Nadine vérifie la version de la base de données

2023-05-12 13:59:02 - C:\wamp64\www\nadine\core\fonctions.php
Nadine a réussi à se connecter à la db

2023-05-12 13:59:02 - C:\wamp64\www\nadine\core\fonctions.php
Nadine pense que nadine__version existe

2023-05-12 13:59:02 - C:\wamp64\www\nadine\core\fonctions.php
Nadine a pense que le numéro de version est 0.1.086

2023-05-12 13:59:02 - C:\wamp64\www\nadine\core\fonctions.php
Nadine a trouvé dans la db le numéro de version 0.1.086

2023-05-12 14:00:07 - C:\wamp64\www\nadine\core\fonctions.php
Nadine vérifie la version de la base de données

2023-05-12 14:00:07 - C:\wamp64\www\nadine\core\fonctions.php
Nadine a réussi à se connecter à la db

2023-05-12 14:00:07 - C:\wamp64\www\nadine\core\fonctions.php
Nadine pense que nadine__version existe

2023-05-12 14:00:07 - C:\wamp64\www\nadine\core\fonctions.php
Nadine a pense que le numéro de version est 0.1.086

2023-05-12 14:00:07 - C:\wamp64\www\nadine\core\fonctions.php
Nadine a trouvé dans la db le numéro de version 0.1.086

2023-05-12 14:00:11 - C:\wamp64\www\nadine\core\fonctions.php
Nadine vérifie la version de la base de données

2023-05-12 14:00:11 - C:\wamp64\www\nadine\core\fonctions.php
Nadine a réussi à se connecter à la db

2023-05-12 14:00:11 - C:\wamp64\www\nadine\core\fonctions.php
Nadine pense que nadine__version existe

2023-05-12 14:00:11 - C:\wamp64\www\nadine\core\fonctions.php
Nadine a pense que le numéro de version est 0.1.086

2023-05-12 14:00:11 - C:\wamp64\www\nadine\core\fonctions.php
Nadine a trouvé dans la db le numéro de version 0.1.086

2023-05-12 14:45:15 - C:\wamp64\www\nadine\core\fonctions.php
Nadine vérifie la version de la base de données

2023-05-12 14:45:15 - C:\wamp64\www\nadine\core\fonctions.php
Nadine a réussi à se connecter à la db

2023-05-12 14:45:15 - C:\wamp64\www\nadine\core\fonctions.php
Nadine pense que nadine__version existe

2023-05-12 14:45:15 - C:\wamp64\www\nadine\core\fonctions.php
Nadine a pense que le numéro de version est 0.1.086

2023-05-12 14:45:15 - C:\wamp64\www\nadine\core\fonctions.php
Nadine a trouvé dans la db le numéro de version 0.1.086

