2023-05-18 22:26:46 - C:\wamp64\www\nadine\core\fonctions.php
Nadine ouvre le fichier de fonction.php

2023-05-18 22:26:46 - C:\wamp64\www\nadine\core\fonctions.php
Nadine vient d'importe le fichier fonction.php

2023-05-18 22:26:46 - C:\wamp64\www\nadine\core\fonctions.php
Nadine vérifie la version de la base de données

2023-05-18 22:26:46 - C:\wamp64\www\nadine\core\fonctions.php
Nadine pense que nadine__version existe

2023-05-18 22:26:46 - C:\wamp64\www\nadine\core\fonctions.php
Nadine a pense que le numéro de version est 0.1.086

2023-05-18 22:26:46 - C:\wamp64\www\nadine\core\fonctions.php
Nadine a trouvé dans la base de données le numéro de version 0.1.086

2023-05-18 22:26:46 - C:\wamp64\www\nadine\core\fonctions.php
Nadine est certaine que les numéros de version sont identiques

2023-05-18 22:26:46 - C:\wamp64\www\nadine\core\fonctions.php
Nadine vient d'importer le fichier header.php

2023-05-18 22:26:46 - C:\wamp64\www\nadine\core\fonctions.php
Nadine utilise la fonction nadine_query() et demande des infos à la base de données :
SELECT * FROM Diffuseurs WHERE Diffuseurs.diffuseur__corbeille = 0

2023-05-18 22:26:46 - C:\wamp64\www\nadine\core\fonctions.php
Nadine utilise la fonction nadine_query() et demande des infos à la base de données :
SELECT * FROM Artistes WHERE Artistes.artiste__corbeille = 0

2023-05-18 22:26:46 - C:\wamp64\www\nadine\core\fonctions.php
Nadine lance la fonction the_contact_id()

2023-05-18 22:26:46 - C:\wamp64\www\nadine\core\fonctions.php
Nadine lance la fonction the_contact_id()

2023-05-18 22:26:46 - C:\wamp64\www\nadine\core\fonctions.php
Nadine lance la fonction the_contact_societe()

2023-05-18 22:26:46 - C:\wamp64\www\nadine\core\fonctions.php
Nadine lance la fonction the_contact_id()

2023-05-18 22:26:46 - C:\wamp64\www\nadine\core\fonctions.php
Nadine lance la fonction the_contact_prenom()

2023-05-18 22:26:46 - C:\wamp64\www\nadine\core\fonctions.php
Nadine a trouvé le prénom d'un contact : 

2023-05-18 22:26:46 - C:\wamp64\www\nadine\core\fonctions.php
Nadine lance la fonction the_contact_societe()

2023-05-18 22:26:46 - C:\wamp64\www\nadine\core\fonctions.php
Nadine ouvre le fichier de p__modal-delete.php

2023-05-18 22:26:54 - C:\wamp64\www\nadine\core\fonctions.php
Nadine ouvre le fichier de fonction.php

2023-05-18 22:26:54 - C:\wamp64\www\nadine\core\fonctions.php
Nadine vient d'importe le fichier fonction.php

2023-05-18 22:26:54 - C:\wamp64\www\nadine\core\fonctions.php
Nadine vérifie la version de la base de données

2023-05-18 22:26:54 - C:\wamp64\www\nadine\core\fonctions.php
Nadine pense que nadine__version existe

2023-05-18 22:26:54 - C:\wamp64\www\nadine\core\fonctions.php
Nadine a pense que le numéro de version est 0.1.086

2023-05-18 22:26:54 - C:\wamp64\www\nadine\core\fonctions.php
Nadine a trouvé dans la base de données le numéro de version 0.1.086

2023-05-18 22:26:54 - C:\wamp64\www\nadine\core\fonctions.php
Nadine est certaine que les numéros de version sont identiques

2023-05-18 22:26:54 - C:\wamp64\www\nadine\core\fonctions.php
Nadine vient d'importer le fichier header.php

2023-05-18 22:26:54 - C:\wamp64\www\nadine\core\fonctions.php
Nadine utilise la fonction nadine_query() et demande des infos à la base de données :
SELECT * FROM Diffuseurs WHERE Diffuseurs.diffuseur__corbeille = 0

2023-05-18 22:26:54 - C:\wamp64\www\nadine\core\fonctions.php
Nadine utilise la fonction nadine_query() et demande des infos à la base de données :
SELECT * FROM Artistes WHERE Artistes.artiste__corbeille = 0

2023-05-18 22:26:54 - C:\wamp64\www\nadine\core\fonctions.php
Nadine lance la fonction the_contact_id()

2023-05-18 22:26:54 - C:\wamp64\www\nadine\core\fonctions.php
Nadine lance la fonction the_contact_id()

2023-05-18 22:26:54 - C:\wamp64\www\nadine\core\fonctions.php
Nadine lance la fonction the_contact_societe()

2023-05-18 22:26:54 - C:\wamp64\www\nadine\core\fonctions.php
Nadine lance la fonction the_contact_id()

2023-05-18 22:26:54 - C:\wamp64\www\nadine\core\fonctions.php
Nadine lance la fonction the_contact_prenom()

2023-05-18 22:26:54 - C:\wamp64\www\nadine\core\fonctions.php
Nadine a trouvé le prénom d'un contact : 

2023-05-18 22:26:54 - C:\wamp64\www\nadine\core\fonctions.php
Nadine lance la fonction the_contact_societe()

2023-05-18 22:26:54 - C:\wamp64\www\nadine\core\fonctions.php
Nadine ouvre le fichier de p__modal-delete.php

